<?xml version="1.0" encoding="UTF-8"?>
<testng-results ignored="0" total="10" passed="10" failed="0" skipped="0">
  <reporter-output>
  </reporter-output>
  <suite started-at="2024-03-17T23:23:32 BDT" name="Default suite" finished-at="2024-03-17T23:28:41 BDT" duration-ms="309170">
    <groups>
      <group name="cucumber">
        <method signature="AbstractTestNGCucumberTests.runScenario(io.cucumber.testng.PickleWrapper,io.cucumber.testng.FeatureWrapper)[pri:0, instance:testrunners.CucumberTestRunner@548a24a]" name="runScenario" class="io.cucumber.testng.AbstractTestNGCucumberTests"/>
      </group> <!-- cucumber -->
    </groups>
    <test started-at="2024-03-17T23:23:32 BDT" name="Default test" finished-at="2024-03-17T23:28:41 BDT" duration-ms="309170">
      <class name="testrunners.CucumberTestRunner">
        <test-method is-config="true" signature="setUpClass(org.testng.ITestContext)[pri:0, instance:testrunners.CucumberTestRunner@548a24a]" started-at="2024-03-17T23:23:32 BDT" name="setUpClass" finished-at="2024-03-17T23:23:33 BDT" duration-ms="628" status="PASS">
          <params>
            <param index="0">
              <value>
                <![CDATA[org.testng.TestRunner@2a8f8555]]>
              </value>
            </param>
          </params>
          <reporter-output>
          </reporter-output>
        </test-method> <!-- setUpClass -->
        <test-method signature="runScenario(io.cucumber.testng.PickleWrapper,io.cucumber.testng.FeatureWrapper)[pri:0, instance:testrunners.CucumberTestRunner@548a24a]" started-at="2024-03-17T23:23:33 BDT" name="runScenario" description="Runs Cucumber Scenarios" data-provider="scenarios" finished-at="2024-03-17T23:23:58 BDT" duration-ms="25225" status="PASS">
          <params>
            <param index="0">
              <value>
                <![CDATA["User Should be able to submit their enquiry"]]>
              </value>
            </param>
            <param index="1">
              <value>
                <![CDATA["Optional[Contact Us]"]]>
              </value>
            </param>
          </params>
          <reporter-output>
          </reporter-output>
        </test-method> <!-- runScenario -->
        <test-method signature="runScenario(io.cucumber.testng.PickleWrapper,io.cucumber.testng.FeatureWrapper)[pri:0, instance:testrunners.CucumberTestRunner@548a24a]" started-at="2024-03-17T23:23:58 BDT" name="runScenario" description="Runs Cucumber Scenarios" data-provider="scenarios" finished-at="2024-03-17T23:24:26 BDT" duration-ms="28076" status="PASS">
          <params>
            <param index="0">
              <value>
                <![CDATA["User Should be able to login With valid credentials"]]>
              </value>
            </param>
            <param index="1">
              <value>
                <![CDATA["Optional[Login]"]]>
              </value>
            </param>
          </params>
          <reporter-output>
          </reporter-output>
        </test-method> <!-- runScenario -->
        <test-method signature="runScenario(io.cucumber.testng.PickleWrapper,io.cucumber.testng.FeatureWrapper)[pri:0, instance:testrunners.CucumberTestRunner@548a24a]" started-at="2024-03-17T23:24:26 BDT" name="runScenario" description="Runs Cucumber Scenarios" data-provider="scenarios" finished-at="2024-03-17T23:24:45 BDT" duration-ms="19183" status="PASS">
          <params>
            <param index="0">
              <value>
                <![CDATA["User Should not be able to login With invalid credentials"]]>
              </value>
            </param>
            <param index="1">
              <value>
                <![CDATA["Optional[Login]"]]>
              </value>
            </param>
          </params>
          <reporter-output>
          </reporter-output>
        </test-method> <!-- runScenario -->
        <test-method signature="runScenario(io.cucumber.testng.PickleWrapper,io.cucumber.testng.FeatureWrapper)[pri:0, instance:testrunners.CucumberTestRunner@548a24a]" started-at="2024-03-17T23:24:45 BDT" name="runScenario" description="Runs Cucumber Scenarios" data-provider="scenarios" finished-at="2024-03-17T23:25:05 BDT" duration-ms="19487" status="PASS">
          <params>
            <param index="0">
              <value>
                <![CDATA["User Should not be able to login With invalid credentials"]]>
              </value>
            </param>
            <param index="1">
              <value>
                <![CDATA["Optional[Login]"]]>
              </value>
            </param>
          </params>
          <reporter-output>
          </reporter-output>
        </test-method> <!-- runScenario -->
        <test-method signature="runScenario(io.cucumber.testng.PickleWrapper,io.cucumber.testng.FeatureWrapper)[pri:0, instance:testrunners.CucumberTestRunner@548a24a]" started-at="2024-03-17T23:25:05 BDT" name="runScenario" description="Runs Cucumber Scenarios" data-provider="scenarios" finished-at="2024-03-17T23:25:23 BDT" duration-ms="18358" status="PASS">
          <params>
            <param index="0">
              <value>
                <![CDATA["User Should not be able to login With invalid credentials"]]>
              </value>
            </param>
            <param index="1">
              <value>
                <![CDATA["Optional[Login]"]]>
              </value>
            </param>
          </params>
          <reporter-output>
          </reporter-output>
        </test-method> <!-- runScenario -->
        <test-method signature="runScenario(io.cucumber.testng.PickleWrapper,io.cucumber.testng.FeatureWrapper)[pri:0, instance:testrunners.CucumberTestRunner@548a24a]" started-at="2024-03-17T23:25:23 BDT" name="runScenario" description="Runs Cucumber Scenarios" data-provider="scenarios" finished-at="2024-03-17T23:25:41 BDT" duration-ms="18015" status="PASS">
          <params>
            <param index="0">
              <value>
                <![CDATA["User Should not be able to login With invalid credentials"]]>
              </value>
            </param>
            <param index="1">
              <value>
                <![CDATA["Optional[Login]"]]>
              </value>
            </param>
          </params>
          <reporter-output>
          </reporter-output>
        </test-method> <!-- runScenario -->
        <test-method signature="runScenario(io.cucumber.testng.PickleWrapper,io.cucumber.testng.FeatureWrapper)[pri:0, instance:testrunners.CucumberTestRunner@548a24a]" started-at="2024-03-17T23:25:41 BDT" name="runScenario" description="Runs Cucumber Scenarios" data-provider="scenarios" finished-at="2024-03-17T23:26:01 BDT" duration-ms="19579" status="PASS">
          <params>
            <param index="0">
              <value>
                <![CDATA["User Should not be able to login With invalid credentials"]]>
              </value>
            </param>
            <param index="1">
              <value>
                <![CDATA["Optional[Login]"]]>
              </value>
            </param>
          </params>
          <reporter-output>
          </reporter-output>
        </test-method> <!-- runScenario -->
        <test-method signature="runScenario(io.cucumber.testng.PickleWrapper,io.cucumber.testng.FeatureWrapper)[pri:0, instance:testrunners.CucumberTestRunner@548a24a]" started-at="2024-03-17T23:26:01 BDT" name="runScenario" description="Runs Cucumber Scenarios" data-provider="scenarios" finished-at="2024-03-17T23:26:19 BDT" duration-ms="18419" status="PASS">
          <params>
            <param index="0">
              <value>
                <![CDATA["User Should not be able to login With invalid credentials"]]>
              </value>
            </param>
            <param index="1">
              <value>
                <![CDATA["Optional[Login]"]]>
              </value>
            </param>
          </params>
          <reporter-output>
          </reporter-output>
        </test-method> <!-- runScenario -->
        <test-method signature="runScenario(io.cucumber.testng.PickleWrapper,io.cucumber.testng.FeatureWrapper)[pri:0, instance:testrunners.CucumberTestRunner@548a24a]" started-at="2024-03-17T23:26:19 BDT" name="runScenario" description="Runs Cucumber Scenarios" data-provider="scenarios" finished-at="2024-03-17T23:28:01 BDT" duration-ms="101847" status="PASS">
          <params>
            <param index="0">
              <value>
                <![CDATA["Customer successfully place order as a guest user"]]>
              </value>
            </param>
            <param index="1">
              <value>
                <![CDATA["Optional[PlaceOrder]"]]>
              </value>
            </param>
          </params>
          <reporter-output>
          </reporter-output>
        </test-method> <!-- runScenario -->
        <test-method signature="runScenario(io.cucumber.testng.PickleWrapper,io.cucumber.testng.FeatureWrapper)[pri:0, instance:testrunners.CucumberTestRunner@548a24a]" started-at="2024-03-17T23:28:01 BDT" name="runScenario" description="Runs Cucumber Scenarios" data-provider="scenarios" finished-at="2024-03-17T23:28:41 BDT" duration-ms="40140" status="PASS">
          <params>
            <param index="0">
              <value>
                <![CDATA["Customer add products in his shopping cart"]]>
              </value>
            </param>
            <param index="1">
              <value>
                <![CDATA["Optional[ShoppingCart]"]]>
              </value>
            </param>
          </params>
          <reporter-output>
          </reporter-output>
        </test-method> <!-- runScenario -->
        <test-method is-config="true" signature="tearDownClass()[pri:0, instance:testrunners.CucumberTestRunner@548a24a]" started-at="2024-03-17T23:28:41 BDT" name="tearDownClass" finished-at="2024-03-17T23:28:41 BDT" duration-ms="122" status="PASS">
          <reporter-output>
          </reporter-output>
        </test-method> <!-- tearDownClass -->
      </class> <!-- testrunners.CucumberTestRunner -->
    </test> <!-- Default test -->
  </suite> <!-- Default suite -->
</testng-results>
